<?xml version="1.0" encoding="UTF-8"?>
<!-- Generated by org.testng.reporters.JUnitXMLReporter -->
<testsuite ignored="0" hostname="DESKTOP-87G77VH" failures="0" tests="4" name="Default test" time="40.135" errors="0" timestamp="18 Aug 2019 12:12:04 GMT">
  <testcase classname="com.entriapp.NewTest" name="googleplay" time="4.396"/>
  <testcase classname="com.entriapp.NewTest" name="f" time="14.958"/>
  <testcase classname="com.entriapp.NewTest" name="teachers" time="3.235"/>
  <testcase classname="com.entriapp.NewTest" name="team" time="2.503"/>
</testsuite> <!-- Default test -->
