<?xml version="1.0" encoding="UTF-8"?>
<testng-results ignored="0" total="4" passed="4" failed="0" skipped="0">
  <reporter-output>
  </reporter-output>
  <suite started-at="2019-08-18T12:11:24Z" name="Default suite" finished-at="2019-08-18T12:12:04Z" duration-ms="40135">
    <groups>
    </groups>
    <test started-at="2019-08-18T12:11:24Z" name="Default test" finished-at="2019-08-18T12:12:04Z" duration-ms="40135">
      <class name="com.entriapp.NewTest">
        <test-method is-config="true" signature="beforeTest()[pri:0, instance:com.entriapp.NewTest@53ca01a2]" started-at="2019-08-18T12:11:24Z" name="beforeTest" finished-at="2019-08-18T12:11:38Z" duration-ms="14353" status="PASS">
          <reporter-output>
          </reporter-output>
        </test-method> <!-- beforeTest -->
        <test-method signature="googleplay()[pri:0, instance:com.entriapp.NewTest@53ca01a2]" started-at="2019-08-18T12:11:38Z" name="googleplay" finished-at="2019-08-18T12:11:43Z" duration-ms="4396" status="PASS">
          <reporter-output>
          </reporter-output>
        </test-method> <!-- googleplay -->
        <test-method signature="f()[pri:1, instance:com.entriapp.NewTest@53ca01a2]" started-at="2019-08-18T12:11:43Z" name="f" finished-at="2019-08-18T12:11:58Z" duration-ms="14958" status="PASS">
          <reporter-output>
          </reporter-output>
        </test-method> <!-- f -->
        <test-method signature="teachers()[pri:2, instance:com.entriapp.NewTest@53ca01a2]" started-at="2019-08-18T12:11:58Z" name="teachers" finished-at="2019-08-18T12:12:01Z" duration-ms="3235" status="PASS">
          <reporter-output>
          </reporter-output>
        </test-method> <!-- teachers -->
        <test-method signature="team()[pri:3, instance:com.entriapp.NewTest@53ca01a2]" started-at="2019-08-18T12:12:01Z" name="team" finished-at="2019-08-18T12:12:04Z" duration-ms="2503" status="PASS">
          <reporter-output>
          </reporter-output>
        </test-method> <!-- team -->
        <test-method is-config="true" signature="close()[pri:0, instance:com.entriapp.NewTest@53ca01a2]" started-at="2019-08-18T12:12:04Z" name="close" finished-at="2019-08-18T12:12:04Z" duration-ms="666" status="PASS">
          <reporter-output>
          </reporter-output>
        </test-method> <!-- close -->
      </class> <!-- com.entriapp.NewTest -->
    </test> <!-- Default test -->
  </suite> <!-- Default suite -->
</testng-results>
